To honour the JVM settings for this build a single-use Daemon process will be forked. For more on this, please refer to https://docs.gradle.org/8.11.1/userguide/gradle_daemon.html#sec:disabling_the_daemon in the Gradle documentation.
Daemon will be stopped at the end of the build 

> Configure project :app
This version of the Baseline Profile Gradle Plugin was tested at most with the Android
Gradle Plugin version Android Gradle Plugin version 8.3.0 and it may not work as intended.
Current version is Android Gradle Plugin version 8.6.1.
This version of the Baseline Profile Gradle Plugin was tested at most with the Android
Gradle Plugin version Android Gradle Plugin version 8.3.0 and it may not work as intended.
Current version is Android Gradle Plugin version 8.6.1.
WARNING: [CXX5106] NDK was located by using ndk.dir property. This method is deprecated and will be removed in a future release. Please delete ndk.dir from local.properties and set android.ndkVersion to [26.3.11579264] in all native modules in the project. https://developer.android.com/r/studio-ui/ndk-dir
[CXX5106] NDK was located by using ndk.dir property. This method is deprecated and will be removed in a future release. Please delete ndk.dir from local.properties and set android.ndkVersion to [26.3.11579264] in all native modules in the project. https://developer.android.com/r/studio-ui/ndk-dir
WARNING: [CXX5106] NDK was located by using ndk.dir property. This method is deprecated and will be removed in a future release. Please delete ndk.dir from local.properties and set android.ndkVersion to [26.3.11579264] in all native modules in the project. https://developer.android.com/r/studio-ui/ndk-dir
[CXX5106] NDK was located by using ndk.dir property. This method is deprecated and will be removed in a future release. Please delete ndk.dir from local.properties and set android.ndkVersion to [26.3.11579264] in all native modules in the project. https://developer.android.com/r/studio-ui/ndk-dir
WARNING: [CXX5106] NDK was located by using ndk.dir property. This method is deprecated and will be removed in a future release. Please delete ndk.dir from local.properties and set android.ndkVersion to [26.3.11579264] in all native modules in the project. https://developer.android.com/r/studio-ui/ndk-dir
[CXX5106] NDK was located by using ndk.dir property. This method is deprecated and will be removed in a future release. Please delete ndk.dir from local.properties and set android.ndkVersion to [26.3.11579264] in all native modules in the project. https://developer.android.com/r/studio-ui/ndk-dir
WARNING: [CXX5106] NDK was located by using ndk.dir property. This method is deprecated and will be removed in a future release. Please delete ndk.dir from local.properties and set android.ndkVersion to [26.3.11579264] in all native modules in the project. https://developer.android.com/r/studio-ui/ndk-dir
[CXX5106] NDK was located by using ndk.dir property. This method is deprecated and will be removed in a future release. Please delete ndk.dir from local.properties and set android.ndkVersion to [26.3.11579264] in all native modules in the project. https://developer.android.com/r/studio-ui/ndk-dir
WARNING: [CXX5106] NDK was located by using ndk.dir property. This method is deprecated and will be removed in a future release. Please delete ndk.dir from local.properties and set android.ndkVersion to [26.3.11579264] in all native modules in the project. https://developer.android.com/r/studio-ui/ndk-dir
[CXX5106] NDK was located by using ndk.dir property. This method is deprecated and will be removed in a future release. Please delete ndk.dir from local.properties and set android.ndkVersion to [26.3.11579264] in all native modules in the project. https://developer.android.com/r/studio-ui/ndk-dir
WARNING: [CXX5106] NDK was located by using ndk.dir property. This method is deprecated and will be removed in a future release. Please delete ndk.dir from local.properties and set android.ndkVersion to [26.3.11579264] in all native modules in the project. https://developer.android.com/r/studio-ui/ndk-dir
[CXX5106] NDK was located by using ndk.dir property. This method is deprecated and will be removed in a future release. Please delete ndk.dir from local.properties and set android.ndkVersion to [26.3.11579264] in all native modules in the project. https://developer.android.com/r/studio-ui/ndk-dir
WARNING: [CXX5106] NDK was located by using ndk.dir property. This method is deprecated and will be removed in a future release. Please delete ndk.dir from local.properties and set android.ndkVersion to [26.3.11579264] in all native modules in the project. https://developer.android.com/r/studio-ui/ndk-dir
[CXX5106] NDK was located by using ndk.dir property. This method is deprecated and will be removed in a future release. Please delete ndk.dir from local.properties and set android.ndkVersion to [26.3.11579264] in all native modules in the project. https://developer.android.com/r/studio-ui/ndk-dir
WARNING: [CXX5106] NDK was located by using ndk.dir property. This method is deprecated and will be removed in a future release. Please delete ndk.dir from local.properties and set android.ndkVersion to [26.3.11579264] in all native modules in the project. https://developer.android.com/r/studio-ui/ndk-dir
[CXX5106] NDK was located by using ndk.dir property. This method is deprecated and will be removed in a future release. Please delete ndk.dir from local.properties and set android.ndkVersion to [26.3.11579264] in all native modules in the project. https://developer.android.com/r/studio-ui/ndk-dir
WARNING: [CXX5106] NDK was located by using ndk.dir property. This method is deprecated and will be removed in a future release. Please delete ndk.dir from local.properties and set android.ndkVersion to [26.3.11579264] in all native modules in the project. https://developer.android.com/r/studio-ui/ndk-dir
[CXX5106] NDK was located by using ndk.dir property. This method is deprecated and will be removed in a future release. Please delete ndk.dir from local.properties and set android.ndkVersion to [26.3.11579264] in all native modules in the project. https://developer.android.com/r/studio-ui/ndk-dir
WARNING: [CXX5106] NDK was located by using ndk.dir property. This method is deprecated and will be removed in a future release. Please delete ndk.dir from local.properties and set android.ndkVersion to [26.3.11579264] in all native modules in the project. https://developer.android.com/r/studio-ui/ndk-dir
[CXX5106] NDK was located by using ndk.dir property. This method is deprecated and will be removed in a future release. Please delete ndk.dir from local.properties and set android.ndkVersion to [26.3.11579264] in all native modules in the project. https://developer.android.com/r/studio-ui/ndk-dir
WARNING: [CXX5106] NDK was located by using ndk.dir property. This method is deprecated and will be removed in a future release. Please delete ndk.dir from local.properties and set android.ndkVersion to [26.3.11579264] in all native modules in the project. https://developer.android.com/r/studio-ui/ndk-dir
[CXX5106] NDK was located by using ndk.dir property. This method is deprecated and will be removed in a future release. Please delete ndk.dir from local.properties and set android.ndkVersion to [26.3.11579264] in all native modules in the project. https://developer.android.com/r/studio-ui/ndk-dir
WARNING: [CXX5106] NDK was located by using ndk.dir property. This method is deprecated and will be removed in a future release. Please delete ndk.dir from local.properties and set android.ndkVersion to [26.3.11579264] in all native modules in the project. https://developer.android.com/r/studio-ui/ndk-dir
[CXX5106] NDK was located by using ndk.dir property. This method is deprecated and will be removed in a future release. Please delete ndk.dir from local.properties and set android.ndkVersion to [26.3.11579264] in all native modules in the project. https://developer.android.com/r/studio-ui/ndk-dir
WARNING: [CXX5106] NDK was located by using ndk.dir property. This method is deprecated and will be removed in a future release. Please delete ndk.dir from local.properties and set android.ndkVersion to [26.3.11579264] in all native modules in the project. https://developer.android.com/r/studio-ui/ndk-dir
[CXX5106] NDK was located by using ndk.dir property. This method is deprecated and will be removed in a future release. Please delete ndk.dir from local.properties and set android.ndkVersion to [26.3.11579264] in all native modules in the project. https://developer.android.com/r/studio-ui/ndk-dir
WARNING: [CXX5106] NDK was located by using ndk.dir property. This method is deprecated and will be removed in a future release. Please delete ndk.dir from local.properties and set android.ndkVersion to [26.3.11579264] in all native modules in the project. https://developer.android.com/r/studio-ui/ndk-dir
[CXX5106] NDK was located by using ndk.dir property. This method is deprecated and will be removed in a future release. Please delete ndk.dir from local.properties and set android.ndkVersion to [26.3.11579264] in all native modules in the project. https://developer.android.com/r/studio-ui/ndk-dir
WARNING: [CXX5106] NDK was located by using ndk.dir property. This method is deprecated and will be removed in a future release. Please delete ndk.dir from local.properties and set android.ndkVersion to [26.3.11579264] in all native modules in the project. https://developer.android.com/r/studio-ui/ndk-dir
[CXX5106] NDK was located by using ndk.dir property. This method is deprecated and will be removed in a future release. Please delete ndk.dir from local.properties and set android.ndkVersion to [26.3.11579264] in all native modules in the project. https://developer.android.com/r/studio-ui/ndk-dir
WARNING: [CXX5106] NDK was located by using ndk.dir property. This method is deprecated and will be removed in a future release. Please delete ndk.dir from local.properties and set android.ndkVersion to [26.3.11579264] in all native modules in the project. https://developer.android.com/r/studio-ui/ndk-dir
[CXX5106] NDK was located by using ndk.dir property. This method is deprecated and will be removed in a future release. Please delete ndk.dir from local.properties and set android.ndkVersion to [26.3.11579264] in all native modules in the project. https://developer.android.com/r/studio-ui/ndk-dir
WARNING: [CXX5106] NDK was located by using ndk.dir property. This method is deprecated and will be removed in a future release. Please delete ndk.dir from local.properties and set android.ndkVersion to [26.3.11579264] in all native modules in the project. https://developer.android.com/r/studio-ui/ndk-dir
[CXX5106] NDK was located by using ndk.dir property. This method is deprecated and will be removed in a future release. Please delete ndk.dir from local.properties and set android.ndkVersion to [26.3.11579264] in all native modules in the project. https://developer.android.com/r/studio-ui/ndk-dir
WARNING: [CXX5106] NDK was located by using ndk.dir property. This method is deprecated and will be removed in a future release. Please delete ndk.dir from local.properties and set android.ndkVersion to [26.3.11579264] in all native modules in the project. https://developer.android.com/r/studio-ui/ndk-dir
[CXX5106] NDK was located by using ndk.dir property. This method is deprecated and will be removed in a future release. Please delete ndk.dir from local.properties and set android.ndkVersion to [26.3.11579264] in all native modules in the project. https://developer.android.com/r/studio-ui/ndk-dir
WARNING: [CXX5106] NDK was located by using ndk.dir property. This method is deprecated and will be removed in a future release. Please delete ndk.dir from local.properties and set android.ndkVersion to [26.3.11579264] in all native modules in the project. https://developer.android.com/r/studio-ui/ndk-dir
[CXX5106] NDK was located by using ndk.dir property. This method is deprecated and will be removed in a future release. Please delete ndk.dir from local.properties and set android.ndkVersion to [26.3.11579264] in all native modules in the project. https://developer.android.com/r/studio-ui/ndk-dir
WARNING: [CXX5106] NDK was located by using ndk.dir property. This method is deprecated and will be removed in a future release. Please delete ndk.dir from local.properties and set android.ndkVersion to [26.3.11579264] in all native modules in the project. https://developer.android.com/r/studio-ui/ndk-dir
[CXX5106] NDK was located by using ndk.dir property. This method is deprecated and will be removed in a future release. Please delete ndk.dir from local.properties and set android.ndkVersion to [26.3.11579264] in all native modules in the project. https://developer.android.com/r/studio-ui/ndk-dir
WARNING: [CXX5106] NDK was located by using ndk.dir property. This method is deprecated and will be removed in a future release. Please delete ndk.dir from local.properties and set android.ndkVersion to [26.3.11579264] in all native modules in the project. https://developer.android.com/r/studio-ui/ndk-dir
[CXX5106] NDK was located by using ndk.dir property. This method is deprecated and will be removed in a future release. Please delete ndk.dir from local.properties and set android.ndkVersion to [26.3.11579264] in all native modules in the project. https://developer.android.com/r/studio-ui/ndk-dir

> Task :app:checkKotlinGradlePluginConfigurationErrors SKIPPED
> Task :app:preBuild UP-TO-DATE
> Task :app:preReleaseBuild UP-TO-DATE
> Task :app:generateReleaseBuildConfig FROM-CACHE
> Task :app:generateReleaseResValues FROM-CACHE
> Task :app:checkReleaseAarMetadata
> Task :app:mapReleaseSourceSetPaths
> Task :app:generateReleaseResources FROM-CACHE
> Task :app:mergeReleaseResources FROM-CACHE
> Task :app:packageReleaseResources FROM-CACHE
> Task :app:parseReleaseLocalResources FROM-CACHE
> Task :app:createReleaseCompatibleScreenManifests
> Task :app:extractDeepLinksRelease FROM-CACHE
> Task :app:processReleaseMainManifest FROM-CACHE
> Task :app:processReleaseManifest FROM-CACHE
> Task :app:processReleaseManifestForPackage FROM-CACHE
> Task :app:processReleaseResources FROM-CACHE
> Task :app:kspReleaseKotlin FROM-CACHE
> Task :app:buildKotlinToolingMetadata
> Task :app:javaPreCompileRelease FROM-CACHE
> Task :app:extractProguardFiles
> Task :app:preBenchmarkReleaseBuild UP-TO-DATE
> Task :app:configureCMakeRelWithDebInfo[arm64-v8a]
> Task :app:buildCMakeRelWithDebInfo[arm64-v8a]
> Task :app:mergeReleaseJniLibFolders
> Task :app:mergeReleaseNativeLibs

> Task :app:stripReleaseDebugSymbols
[CXX5106] NDK was located by using ndk.dir property. This method is deprecated and will be removed in a future release. Please delete ndk.dir from local.properties and set android.ndkVersion to [26.3.11579264] in all native modules in the project. https://developer.android.com/r/studio-ui/ndk-dir
[CXX5106] NDK was located by using ndk.dir property. This method is deprecated and will be removed in a future release. Please delete ndk.dir from local.properties and set android.ndkVersion to [26.3.11579264] in all native modules in the project. https://developer.android.com/r/studio-ui/ndk-dir
[CXX5106] NDK was located by using ndk.dir property. This method is deprecated and will be removed in a future release. Please delete ndk.dir from local.properties and set android.ndkVersion to [26.3.11579264] in all native modules in the project. https://developer.android.com/r/studio-ui/ndk-dir
[CXX5106] NDK was located by using ndk.dir property. This method is deprecated and will be removed in a future release. Please delete ndk.dir from local.properties and set android.ndkVersion to [26.3.11579264] in all native modules in the project. https://developer.android.com/r/studio-ui/ndk-dir
[CXX5106] NDK was located by using ndk.dir property. This method is deprecated and will be removed in a future release. Please delete ndk.dir from local.properties and set android.ndkVersion to [26.3.11579264] in all native modules in the project. https://developer.android.com/r/studio-ui/ndk-dir
[CXX5106] NDK was located by using ndk.dir property. This method is deprecated and will be removed in a future release. Please delete ndk.dir from local.properties and set android.ndkVersion to [26.3.11579264] in all native modules in the project. https://developer.android.com/r/studio-ui/ndk-dir
[CXX5106] NDK was located by using ndk.dir property. This method is deprecated and will be removed in a future release. Please delete ndk.dir from local.properties and set android.ndkVersion to [26.3.11579264] in all native modules in the project. https://developer.android.com/r/studio-ui/ndk-dir
[CXX5106] NDK was located by using ndk.dir property. This method is deprecated and will be removed in a future release. Please delete ndk.dir from local.properties and set android.ndkVersion to [26.3.11579264] in all native modules in the project. https://developer.android.com/r/studio-ui/ndk-dir
[CXX5106] NDK was located by using ndk.dir property. This method is deprecated and will be removed in a future release. Please delete ndk.dir from local.properties and set android.ndkVersion to [26.3.11579264] in all native modules in the project. https://developer.android.com/r/studio-ui/ndk-dir
[CXX5106] NDK was located by using ndk.dir property. This method is deprecated and will be removed in a future release. Please delete ndk.dir from local.properties and set android.ndkVersion to [26.3.11579264] in all native modules in the project. https://developer.android.com/r/studio-ui/ndk-dir
[CXX5106] NDK was located by using ndk.dir property. This method is deprecated and will be removed in a future release. Please delete ndk.dir from local.properties and set android.ndkVersion to [26.3.11579264] in all native modules in the project. https://developer.android.com/r/studio-ui/ndk-dir
[CXX5106] NDK was located by using ndk.dir property. This method is deprecated and will be removed in a future release. Please delete ndk.dir from local.properties and set android.ndkVersion to [26.3.11579264] in all native modules in the project. https://developer.android.com/r/studio-ui/ndk-dir
[CXX5106] NDK was located by using ndk.dir property. This method is deprecated and will be removed in a future release. Please delete ndk.dir from local.properties and set android.ndkVersion to [26.3.11579264] in all native modules in the project. https://developer.android.com/r/studio-ui/ndk-dir
[CXX5106] NDK was located by using ndk.dir property. This method is deprecated and will be removed in a future release. Please delete ndk.dir from local.properties and set android.ndkVersion to [26.3.11579264] in all native modules in the project. https://developer.android.com/r/studio-ui/ndk-dir
[CXX5106] NDK was located by using ndk.dir property. This method is deprecated and will be removed in a future release. Please delete ndk.dir from local.properties and set android.ndkVersion to [26.3.11579264] in all native modules in the project. https://developer.android.com/r/studio-ui/ndk-dir
[CXX5106] NDK was located by using ndk.dir property. This method is deprecated and will be removed in a future release. Please delete ndk.dir from local.properties and set android.ndkVersion to [26.3.11579264] in all native modules in the project. https://developer.android.com/r/studio-ui/ndk-dir
[CXX5106] NDK was located by using ndk.dir property. This method is deprecated and will be removed in a future release. Please delete ndk.dir from local.properties and set android.ndkVersion to [26.3.11579264] in all native modules in the project. https://developer.android.com/r/studio-ui/ndk-dir

> Task :app:extractReleaseNativeSymbolTables FROM-CACHE
> Task :app:mergeReleaseNativeDebugMetadata
> Task :app:checkReleaseDuplicateClasses
> Task :app:mergeReleaseArtProfile
> Task :app:mergeReleaseStartupProfile UP-TO-DATE
> Task :app:mergeReleaseShaders
> Task :app:compileReleaseShaders NO-SOURCE
> Task :app:generateReleaseAssets UP-TO-DATE
> Task :app:mergeReleaseAssets
> Task :app:compressReleaseAssets FROM-CACHE
> Task :app:extractReleaseVersionControlInfo
> Task :app:processApplicationManifestReleaseForBundle
> Task :app:bundleReleaseResources FROM-CACHE
> Task :app:collectReleaseDependencies
> Task :app:sdkReleaseDependencyData
> Task :app:validateSigningRelease
> Task :app:writeReleaseAppMetadata
> Task :app:writeReleaseSigningConfigVersions

> Task :app:compileReleaseKotlin
e: file:///workspace/RapidRAW-Android/app/src/main/java/com/rapidraw/ai/InferenceEngine.kt:13:34 Unresolved reference 'NnapiDelegate'.
e: file:///workspace/RapidRAW-Android/app/src/main/java/com/rapidraw/ai/InferenceEngine.kt:71:13 Cannot infer type for this parameter. Please specify it explicitly.
e: file:///workspace/RapidRAW-Android/app/src/main/java/com/rapidraw/ai/InferenceEngine.kt:71:25 Cannot infer type for this parameter. Please specify it explicitly.
e: file:///workspace/RapidRAW-Android/app/src/main/java/com/rapidraw/ai/InferenceEngine.kt:71:27 Unresolved reference 'NnapiDelegate'.
e: file:///workspace/RapidRAW-Android/app/src/main/java/com/rapidraw/ai/InferenceEngine.kt:270:44 Unresolved reference 'NnapiDelegate'.
e: file:///workspace/RapidRAW-Android/app/src/main/java/com/rapidraw/core/AutoStraightener.kt:110:37 Argument type mismatch: actual type is 'kotlin.FloatArray', but 'com.rapidraw.core.AutoStraightener.HoughAccumulator' was expected.
e: file:///workspace/RapidRAW-Android/app/src/main/java/com/rapidraw/core/AutoStraightener.kt:110:37 No value passed for parameter 'maxRho'.
e: file:///workspace/RapidRAW-Android/app/src/main/java/com/rapidraw/core/AutoStraightener.kt:110:37 No value passed for parameter 'thetaBins'.
e: file:///workspace/RapidRAW-Android/app/src/main/java/com/rapidraw/core/AutoStraightener.kt:110:37 No value passed for parameter 'rhoBins'.
e: file:///workspace/RapidRAW-Android/app/src/main/java/com/rapidraw/core/AvifExporter.kt:175:33 Unresolved reference 'listEncoders'.
e: file:///workspace/RapidRAW-Android/app/src/main/java/com/rapidraw/core/AvifExporter.kt:176:22 Method 'iterator()' is ambiguous for this expression. Applicable candidates:
fun <T> Enumeration<T>.iterator(): Iterator<T>
fun <T> Iterator<T>.iterator(): Iterator<T>
fun <K, V> Map<out K, V>.iterator(): Iterator<Map.Entry<K, V>>
fun <K, V> MutableMap<K, V>.iterator(): MutableIterator<MutableMap.MutableEntry<K, V>>
fun CharSequence.iterator(): CharIterator
fun BufferedInputStream.iterator(): ByteIterator
e: file:///workspace/RapidRAW-Android/app/src/main/java/com/rapidraw/core/AvifExporter.kt:499:21 None of the following candidates is applicable:
fun write(p0: Int): Unit
fun write(p0: ByteArray!): Unit
e: file:///workspace/RapidRAW-Android/app/src/main/java/com/rapidraw/core/AvifExporter.kt:500:21 None of the following candidates is applicable:
fun write(p0: Int): Unit
fun write(p0: ByteArray!): Unit
e: file:///workspace/RapidRAW-Android/app/src/main/java/com/rapidraw/core/AvifExporter.kt:501:21 None of the following candidates is applicable:
fun write(p0: Int): Unit
fun write(p0: ByteArray!): Unit
e: file:///workspace/RapidRAW-Android/app/src/main/java/com/rapidraw/core/AvifExporter.kt:502:21 None of the following candidates is applicable:
fun write(p0: Int): Unit
fun write(p0: ByteArray!): Unit
e: file:///workspace/RapidRAW-Android/app/src/main/java/com/rapidraw/core/HeifExporter.kt:96:43 Unresolved reference 'getEncoderCreationTime'.
e: file:///workspace/RapidRAW-Android/app/src/main/java/com/rapidraw/core/HeifExporter.kt:97:37 Unresolved reference 'listEncoderCreationTime'.
e: file:///workspace/RapidRAW-Android/app/src/main/java/com/rapidraw/core/HeifExporter.kt:226:33 Unresolved reference 'listEncoders'.
e: file:///workspace/RapidRAW-Android/app/src/main/java/com/rapidraw/core/HeifExporter.kt:227:22 Method 'iterator()' is ambiguous for this expression. Applicable candidates:
fun <T> Enumeration<T>.iterator(): Iterator<T>
fun <T> Iterator<T>.iterator(): Iterator<T>
fun <K, V> Map<out K, V>.iterator(): Iterator<Map.Entry<K, V>>
fun <K, V> MutableMap<K, V>.iterator(): MutableIterator<MutableMap.MutableEntry<K, V>>
fun CharSequence.iterator(): CharIterator
fun BufferedInputStream.iterator(): ByteIterator
e: file:///workspace/RapidRAW-Android/app/src/main/java/com/rapidraw/core/HeifExporter.kt:231:46 Unresolved reference 'it'.
e: file:///workspace/RapidRAW-Android/app/src/main/java/com/rapidraw/core/HeifExporter.kt:240:22 Method 'iterator()' is ambiguous for this expression. Applicable candidates:
fun <T> Enumeration<T>.iterator(): Iterator<T>
fun <T> Iterator<T>.iterator(): Iterator<T>
fun <K, V> Map<out K, V>.iterator(): Iterator<Map.Entry<K, V>>
fun <K, V> MutableMap<K, V>.iterator(): MutableIterator<MutableMap.MutableEntry<K, V>>
fun CharSequence.iterator(): CharIterator
fun BufferedInputStream.iterator(): ByteIterator
e: file:///workspace/RapidRAW-Android/app/src/main/java/com/rapidraw/core/HeifExporter.kt:274:53 Argument type mismatch: actual type is 'kotlin.Float', but 'kotlin.Int' was expected.
e: file:///workspace/RapidRAW-Android/app/src/main/java/com/rapidraw/core/HeifExporter.kt:652:21 None of the following candidates is applicable:
fun write(p0: Int): Unit
fun write(p0: ByteArray!): Unit
e: file:///workspace/RapidRAW-Android/app/src/main/java/com/rapidraw/core/HeifExporter.kt:653:21 None of the following candidates is applicable:
fun write(p0: Int): Unit
fun write(p0: ByteArray!): Unit
e: file:///workspace/RapidRAW-Android/app/src/main/java/com/rapidraw/core/HeifExporter.kt:654:21 None of the following candidates is applicable:
fun write(p0: Int): Unit
fun write(p0: ByteArray!): Unit
e: file:///workspace/RapidRAW-Android/app/src/main/java/com/rapidraw/core/HeifExporter.kt:666:21 None of the following candidates is applicable:
fun write(p0: Int): Unit
fun write(p0: ByteArray!): Unit
e: file:///workspace/RapidRAW-Android/app/src/main/java/com/rapidraw/core/HeifExporter.kt:667:21 None of the following candidates is applicable:
fun write(p0: Int): Unit
fun write(p0: ByteArray!): Unit
e: file:///workspace/RapidRAW-Android/app/src/main/java/com/rapidraw/core/HeifExporter.kt:668:21 None of the following candidates is applicable:
fun write(p0: Int): Unit
fun write(p0: ByteArray!): Unit
e: file:///workspace/RapidRAW-Android/app/src/main/java/com/rapidraw/core/HeifExporter.kt:721:14 None of the following candidates is applicable:
fun write(p0: Int): Unit
fun write(p0: ByteArray!): Unit
e: file:///workspace/RapidRAW-Android/app/src/main/java/com/rapidraw/core/HeifExporter.kt:724:14 None of the following candidates is applicable:
fun write(p0: Int): Unit
fun write(p0: ByteArray!): Unit
e: file:///workspace/RapidRAW-Android/app/src/main/java/com/rapidraw/core/HeifExporter.kt:728:34 Unresolved reference 'or'.
e: file:///workspace/RapidRAW-Android/app/src/main/java/com/rapidraw/core/HeifExporter.kt:732:34 Unresolved reference 'or'.
e: file:///workspace/RapidRAW-Android/app/src/main/java/com/rapidraw/core/LayerBlender.kt:83:33 Argument type mismatch: actual type is 'kotlin.Any!', but 'android.graphics.Bitmap' was expected.
e: file:///workspace/RapidRAW-Android/app/src/main/java/com/rapidraw/core/LayerBlender.kt:86:16 Return type mismatch: expected 'android.graphics.Bitmap', actual 'kotlin.Any!'.
e: file:///workspace/RapidRAW-Android/app/src/main/java/com/rapidraw/ui/community/LutMarketScreen.kt:351:44 @Composable invocations can only happen from the context of a @Composable function
e: file:///workspace/RapidRAW-Android/app/src/main/java/com/rapidraw/ui/community/RecipeShareScreen.kt:338:48 @Composable invocations can only happen from the context of a @Composable function
e: file:///workspace/RapidRAW-Android/app/src/main/java/com/rapidraw/ui/editor/BeautyPanel.kt:93:58 Argument type mismatch: actual type is 'kotlin.Float', but 'kotlin.Int' was expected.
e: file:///workspace/RapidRAW-Android/app/src/main/java/com/rapidraw/ui/library/DamLibraryOverviewPanel.kt:489:22 Unresolved reference 'fillMaxHeight'.

> Task :app:compileReleaseKotlin FAILED

FAILURE: Build failed with an exception.

* What went wrong:
Execution failed for task ':app:compileReleaseKotlin'.
> A failure occurred while executing org.jetbrains.kotlin.compilerRunner.GradleCompilerRunnerWithWorkers$GradleKotlinCompilerWorkAction
   > Compilation error. See log for more details

* Try:
> Run with --info or --debug option to get more log output.
> Run with --scan to get full insights.
> Get more help at https://help.gradle.org.

* Exception is:
org.gradle.api.tasks.TaskExecutionException: Execution failed for task ':app:compileReleaseKotlin'.
	at org.gradle.api.internal.tasks.execution.ExecuteActionsTaskExecuter.lambda$executeIfValid$1(ExecuteActionsTaskExecuter.java:130)
	at org.gradle.internal.Try$Failure.ifSuccessfulOrElse(Try.java:293)
	at org.gradle.api.internal.tasks.execution.ExecuteActionsTaskExecuter.executeIfValid(ExecuteActionsTaskExecuter.java:128)
	at org.gradle.api.internal.tasks.execution.ExecuteActionsTaskExecuter.execute(ExecuteActionsTaskExecuter.java:116)
	at org.gradle.api.internal.tasks.execution.FinalizePropertiesTaskExecuter.execute(FinalizePropertiesTaskExecuter.java:46)
	at org.gradle.api.internal.tasks.execution.ResolveTaskExecutionModeExecuter.execute(ResolveTaskExecutionModeExecuter.java:51)
	at org.gradle.api.internal.tasks.execution.SkipTaskWithNoActionsExecuter.execute(SkipTaskWithNoActionsExecuter.java:57)
	at org.gradle.api.internal.tasks.execution.SkipOnlyIfTaskExecuter.execute(SkipOnlyIfTaskExecuter.java:74)
	at org.gradle.api.internal.tasks.execution.CatchExceptionTaskExecuter.execute(CatchExceptionTaskExecuter.java:36)
	at org.gradle.api.internal.tasks.execution.EventFiringTaskExecuter$1.executeTask(EventFiringTaskExecuter.java:77)
	at org.gradle.api.internal.tasks.execution.EventFiringTaskExecuter$1.call(EventFiringTaskExecuter.java:55)
	at org.gradle.api.internal.tasks.execution.EventFiringTaskExecuter$1.call(EventFiringTaskExecuter.java:52)
	at org.gradle.internal.operations.DefaultBuildOperationRunner$CallableBuildOperationWorker.execute(DefaultBuildOperationRunner.java:209)
	at org.gradle.internal.operations.DefaultBuildOperationRunner$CallableBuildOperationWorker.execute(DefaultBuildOperationRunner.java:204)
	at org.gradle.internal.operations.DefaultBuildOperationRunner$2.execute(DefaultBuildOperationRunner.java:66)
	at org.gradle.internal.operations.DefaultBuildOperationRunner$2.execute(DefaultBuildOperationRunner.java:59)
	at org.gradle.internal.operations.DefaultBuildOperationRunner.execute(DefaultBuildOperationRunner.java:166)
	at org.gradle.internal.operations.DefaultBuildOperationRunner.execute(DefaultBuildOperationRunner.java:59)
	at org.gradle.internal.operations.DefaultBuildOperationRunner.call(DefaultBuildOperationRunner.java:53)
	at org.gradle.api.internal.tasks.execution.EventFiringTaskExecuter.execute(EventFiringTaskExecuter.java:52)
	at org.gradle.execution.plan.LocalTaskNodeExecutor.execute(LocalTaskNodeExecutor.java:42)
	at org.gradle.execution.taskgraph.DefaultTaskExecutionGraph$InvokeNodeExecutorsAction.execute(DefaultTaskExecutionGraph.java:331)
	at org.gradle.execution.taskgraph.DefaultTaskExecutionGraph$InvokeNodeExecutorsAction.execute(DefaultTaskExecutionGraph.java:318)
	at org.gradle.execution.taskgraph.DefaultTaskExecutionGraph$BuildOperationAwareExecutionAction.lambda$execute$0(DefaultTaskExecutionGraph.java:314)
	at org.gradle.internal.operations.CurrentBuildOperationRef.with(CurrentBuildOperationRef.java:85)
	at org.gradle.execution.taskgraph.DefaultTaskExecutionGraph$BuildOperationAwareExecutionAction.execute(DefaultTaskExecutionGraph.java:314)
	at org.gradle.execution.taskgraph.DefaultTaskExecutionGraph$BuildOperationAwareExecutionAction.execute(DefaultTaskExecutionGraph.java:303)
	at org.gradle.execution.plan.DefaultPlanExecutor$ExecutorWorker.execute(DefaultPlanExecutor.java:459)
	at org.gradle.execution.plan.DefaultPlanExecutor$ExecutorWorker.run(DefaultPlanExecutor.java:376)
	at org.gradle.internal.concurrent.ExecutorPolicy$CatchAndRecordFailures.onExecute(ExecutorPolicy.java:64)
	at org.gradle.internal.concurrent.AbstractManagedExecutor$1.run(AbstractManagedExecutor.java:48)
Caused by: org.gradle.workers.internal.DefaultWorkerExecutor$WorkExecutionException: A failure occurred while executing org.jetbrains.kotlin.compilerRunner.GradleCompilerRunnerWithWorkers$GradleKotlinCompilerWorkAction
	at org.gradle.workers.internal.DefaultWorkerExecutor$WorkItemExecution.waitForCompletion(DefaultWorkerExecutor.java:287)
	at org.gradle.internal.work.DefaultAsyncWorkTracker.lambda$waitForItemsAndGatherFailures$2(DefaultAsyncWorkTracker.java:130)
	at org.gradle.internal.Factories$1.create(Factories.java:31)
	at org.gradle.internal.work.DefaultWorkerLeaseService.withoutLocks(DefaultWorkerLeaseService.java:335)
	at org.gradle.internal.work.DefaultWorkerLeaseService.withoutLocks(DefaultWorkerLeaseService.java:318)
	at org.gradle.internal.work.DefaultWorkerLeaseService.withoutLock(DefaultWorkerLeaseService.java:323)
	at org.gradle.internal.work.DefaultAsyncWorkTracker.waitForItemsAndGatherFailures(DefaultAsyncWorkTracker.java:126)
	at org.gradle.internal.work.DefaultAsyncWorkTracker.waitForItemsAndGatherFailures(DefaultAsyncWorkTracker.java:92)
	at org.gradle.internal.work.DefaultAsyncWorkTracker.waitForAll(DefaultAsyncWorkTracker.java:78)
	at org.gradle.internal.work.DefaultAsyncWorkTracker.waitForCompletion(DefaultAsyncWorkTracker.java:66)
	at org.gradle.api.internal.tasks.execution.TaskExecution$3.run(TaskExecution.java:252)
	at org.gradle.internal.operations.DefaultBuildOperationRunner$1.execute(DefaultBuildOperationRunner.java:29)
	at org.gradle.internal.operations.DefaultBuildOperationRunner$1.execute(DefaultBuildOperationRunner.java:26)
	at org.gradle.internal.operations.DefaultBuildOperationRunner$2.execute(DefaultBuildOperationRunner.java:66)
	at org.gradle.internal.operations.DefaultBuildOperationRunner$2.execute(DefaultBuildOperationRunner.java:59)
	at org.gradle.internal.operations.DefaultBuildOperationRunner.execute(DefaultBuildOperationRunner.java:166)
	at org.gradle.internal.operations.DefaultBuildOperationRunner.execute(DefaultBuildOperationRunner.java:59)
	at org.gradle.internal.operations.DefaultBuildOperationRunner.run(DefaultBuildOperationRunner.java:47)
	at org.gradle.api.internal.tasks.execution.TaskExecution.executeAction(TaskExecution.java:229)
	at org.gradle.api.internal.tasks.execution.TaskExecution.executeActions(TaskExecution.java:212)
	at org.gradle.api.internal.tasks.execution.TaskExecution.executeWithPreviousOutputFiles(TaskExecution.java:195)
	at org.gradle.api.internal.tasks.execution.TaskExecution.execute(TaskExecution.java:162)
	at org.gradle.internal.execution.steps.ExecuteStep.executeInternal(ExecuteStep.java:105)
	at org.gradle.internal.execution.steps.ExecuteStep.access$000(ExecuteStep.java:44)
	at org.gradle.internal.execution.steps.ExecuteStep$1.call(ExecuteStep.java:59)
	at org.gradle.internal.execution.steps.ExecuteStep$1.call(ExecuteStep.java:56)
	at org.gradle.internal.operations.DefaultBuildOperationRunner$CallableBuildOperationWorker.execute(DefaultBuildOperationRunner.java:209)
	at org.gradle.internal.operations.DefaultBuildOperationRunner$CallableBuildOperationWorker.execute(DefaultBuildOperationRunner.java:204)
	at org.gradle.internal.operations.DefaultBuildOperationRunner$2.execute(DefaultBuildOperationRunner.java:66)
	at org.gradle.internal.operations.DefaultBuildOperationRunner$2.execute(DefaultBuildOperationRunner.java:59)
	at org.gradle.internal.operations.DefaultBuildOperationRunner.execute(DefaultBuildOperationRunner.java:166)
	at org.gradle.internal.operations.DefaultBuildOperationRunner.execute(DefaultBuildOperationRunner.java:59)
	at org.gradle.internal.operations.DefaultBuildOperationRunner.call(DefaultBuildOperationRunner.java:53)
	at org.gradle.internal.execution.steps.ExecuteStep.execute(ExecuteStep.java:56)
	at org.gradle.internal.execution.steps.ExecuteStep.execute(ExecuteStep.java:44)
	at org.gradle.internal.execution.steps.CancelExecutionStep.execute(CancelExecutionStep.java:42)
	at org.gradle.internal.execution.steps.TimeoutStep.executeWithoutTimeout(TimeoutStep.java:75)
	at org.gradle.internal.execution.steps.TimeoutStep.execute(TimeoutStep.java:55)
	at org.gradle.internal.execution.steps.PreCreateOutputParentsStep.execute(PreCreateOutputParentsStep.java:50)
	at org.gradle.internal.execution.steps.PreCreateOutputParentsStep.execute(PreCreateOutputParentsStep.java:28)
	at org.gradle.internal.execution.steps.RemovePreviousOutputsStep.execute(RemovePreviousOutputsStep.java:67)
	at org.gradle.internal.execution.steps.RemovePreviousOutputsStep.execute(RemovePreviousOutputsStep.java:37)
	at org.gradle.internal.execution.steps.BroadcastChangingOutputsStep.execute(BroadcastChangingOutputsStep.java:61)
	at org.gradle.internal.execution.steps.BroadcastChangingOutputsStep.execute(BroadcastChangingOutputsStep.java:26)
	at org.gradle.internal.execution.steps.CaptureOutputsAfterExecutionStep.execute(CaptureOutputsAfterExecutionStep.java:69)
	at org.gradle.internal.execution.steps.CaptureOutputsAfterExecutionStep.execute(CaptureOutputsAfterExecutionStep.java:46)
	at org.gradle.internal.execution.steps.ResolveInputChangesStep.execute(ResolveInputChangesStep.java:40)
	at org.gradle.internal.execution.steps.ResolveInputChangesStep.execute(ResolveInputChangesStep.java:29)
	at org.gradle.internal.execution.steps.BuildCacheStep.executeWithoutCache(BuildCacheStep.java:189)
	at org.gradle.internal.execution.steps.BuildCacheStep.executeAndStoreInCache(BuildCacheStep.java:145)
	at org.gradle.internal.execution.steps.BuildCacheStep.lambda$executeWithCache$4(BuildCacheStep.java:101)
	at org.gradle.internal.execution.steps.BuildCacheStep.lambda$executeWithCache$5(BuildCacheStep.java:101)
	at org.gradle.internal.Try$Success.map(Try.java:175)
	at org.gradle.internal.execution.steps.BuildCacheStep.executeWithCache(BuildCacheStep.java:85)
	at org.gradle.internal.execution.steps.BuildCacheStep.lambda$execute$0(BuildCacheStep.java:74)
	at org.gradle.internal.Either$Left.fold(Either.java:115)
	at org.gradle.internal.execution.caching.CachingState.fold(CachingState.java:62)
	at org.gradle.internal.execution.steps.BuildCacheStep.execute(BuildCacheStep.java:73)
	at org.gradle.internal.execution.steps.BuildCacheStep.execute(BuildCacheStep.java:48)
	at org.gradle.internal.execution.steps.StoreExecutionStateStep.execute(StoreExecutionStateStep.java:46)
	at org.gradle.internal.execution.steps.StoreExecutionStateStep.execute(StoreExecutionStateStep.java:35)
	at org.gradle.internal.execution.steps.SkipUpToDateStep.executeBecause(SkipUpToDateStep.java:75)
	at org.gradle.internal.execution.steps.SkipUpToDateStep.lambda$execute$2(SkipUpToDateStep.java:53)
	at org.gradle.internal.execution.steps.SkipUpToDateStep.execute(SkipUpToDateStep.java:53)
	at org.gradle.internal.execution.steps.SkipUpToDateStep.execute(SkipUpToDateStep.java:35)
	at org.gradle.internal.execution.steps.legacy.MarkSnapshottingInputsFinishedStep.execute(MarkSnapshottingInputsFinishedStep.java:37)
	at org.gradle.internal.execution.steps.legacy.MarkSnapshottingInputsFinishedStep.execute(MarkSnapshottingInputsFinishedStep.java:27)
	at org.gradle.internal.execution.steps.ResolveIncrementalCachingStateStep.executeDelegate(ResolveIncrementalCachingStateStep.java:49)
	at org.gradle.internal.execution.steps.ResolveIncrementalCachingStateStep.executeDelegate(ResolveIncrementalCachingStateStep.java:27)
	at org.gradle.internal.execution.steps.AbstractResolveCachingStateStep.execute(AbstractResolveCachingStateStep.java:71)
	at org.gradle.internal.execution.steps.AbstractResolveCachingStateStep.execute(AbstractResolveCachingStateStep.java:39)
	at org.gradle.internal.execution.steps.ResolveChangesStep.execute(ResolveChangesStep.java:65)
	at org.gradle.internal.execution.steps.ResolveChangesStep.execute(ResolveChangesStep.java:36)
	at org.gradle.internal.execution.steps.ValidateStep.execute(ValidateStep.java:107)
	at org.gradle.internal.execution.steps.ValidateStep.execute(ValidateStep.java:56)
	at org.gradle.internal.execution.steps.AbstractCaptureStateBeforeExecutionStep.execute(AbstractCaptureStateBeforeExecutionStep.java:64)
	at org.gradle.internal.execution.steps.AbstractCaptureStateBeforeExecutionStep.execute(AbstractCaptureStateBeforeExecutionStep.java:43)
	at org.gradle.internal.execution.steps.AbstractSkipEmptyWorkStep.executeWithNonEmptySources(AbstractSkipEmptyWorkStep.java:125)
	at org.gradle.internal.execution.steps.AbstractSkipEmptyWorkStep.execute(AbstractSkipEmptyWorkStep.java:61)
	at org.gradle.internal.execution.steps.AbstractSkipEmptyWorkStep.execute(AbstractSkipEmptyWorkStep.java:36)
	at org.gradle.internal.execution.steps.legacy.MarkSnapshottingInputsStartedStep.execute(MarkSnapshottingInputsStartedStep.java:38)
	at org.gradle.internal.execution.steps.LoadPreviousExecutionStateStep.execute(LoadPreviousExecutionStateStep.java:36)
	at org.gradle.internal.execution.steps.LoadPreviousExecutionStateStep.execute(LoadPreviousExecutionStateStep.java:23)
	at org.gradle.internal.execution.steps.HandleStaleOutputsStep.execute(HandleStaleOutputsStep.java:75)
	at org.gradle.internal.execution.steps.HandleStaleOutputsStep.execute(HandleStaleOutputsStep.java:41)
	at org.gradle.internal.execution.steps.AssignMutableWorkspaceStep.lambda$execute$0(AssignMutableWorkspaceStep.java:35)
	at org.gradle.api.internal.tasks.execution.TaskExecution$4.withWorkspace(TaskExecution.java:289)
	at org.gradle.internal.execution.steps.AssignMutableWorkspaceStep.execute(AssignMutableWorkspaceStep.java:31)
	at org.gradle.internal.execution.steps.AssignMutableWorkspaceStep.execute(AssignMutableWorkspaceStep.java:22)
	at org.gradle.internal.execution.steps.ChoosePipelineStep.execute(ChoosePipelineStep.java:40)
	at org.gradle.internal.execution.steps.ChoosePipelineStep.execute(ChoosePipelineStep.java:23)
	at org.gradle.internal.execution.steps.ExecuteWorkBuildOperationFiringStep.lambda$execute$2(ExecuteWorkBuildOperationFiringStep.java:67)
	at org.gradle.internal.execution.steps.ExecuteWorkBuildOperationFiringStep.execute(ExecuteWorkBuildOperationFiringStep.java:67)
	at org.gradle.internal.execution.steps.ExecuteWorkBuildOperationFiringStep.execute(ExecuteWorkBuildOperationFiringStep.java:39)
	at org.gradle.internal.execution.steps.IdentityCacheStep.execute(IdentityCacheStep.java:46)
	at org.gradle.internal.execution.steps.IdentityCacheStep.execute(IdentityCacheStep.java:34)
	at org.gradle.internal.execution.steps.IdentifyStep.execute(IdentifyStep.java:48)
	at org.gradle.internal.execution.steps.IdentifyStep.execute(IdentifyStep.java:35)
	at org.gradle.internal.execution.impl.DefaultExecutionEngine$1.execute(DefaultExecutionEngine.java:61)
	at org.gradle.api.internal.tasks.execution.ExecuteActionsTaskExecuter.executeIfValid(ExecuteActionsTaskExecuter.java:127)
	at org.gradle.api.internal.tasks.execution.ExecuteActionsTaskExecuter.execute(ExecuteActionsTaskExecuter.java:116)
	at org.gradle.api.internal.tasks.execution.FinalizePropertiesTaskExecuter.execute(FinalizePropertiesTaskExecuter.java:46)
	at org.gradle.api.internal.tasks.execution.ResolveTaskExecutionModeExecuter.execute(ResolveTaskExecutionModeExecuter.java:51)
	at org.gradle.api.internal.tasks.execution.SkipTaskWithNoActionsExecuter.execute(SkipTaskWithNoActionsExecuter.java:57)
	at org.gradle.api.internal.tasks.execution.SkipOnlyIfTaskExecuter.execute(SkipOnlyIfTaskExecuter.java:74)
	at org.gradle.api.internal.tasks.execution.CatchExceptionTaskExecuter.execute(CatchExceptionTaskExecuter.java:36)
	at org.gradle.api.internal.tasks.execution.EventFiringTaskExecuter$1.executeTask(EventFiringTaskExecuter.java:77)
	at org.gradle.api.internal.tasks.execution.EventFiringTaskExecuter$1.call(EventFiringTaskExecuter.java:55)
	at org.gradle.api.internal.tasks.execution.EventFiringTaskExecuter$1.call(EventFiringTaskExecuter.java:52)
	at org.gradle.internal.operations.DefaultBuildOperationRunner$CallableBuildOperationWorker.execute(DefaultBuildOperationRunner.java:209)
	at org.gradle.internal.operations.DefaultBuildOperationRunner$CallableBuildOperationWorker.execute(DefaultBuildOperationRunner.java:204)
	at org.gradle.internal.operations.DefaultBuildOperationRunner$2.execute(DefaultBuildOperationRunner.java:66)
	at org.gradle.internal.operations.DefaultBuildOperationRunner$2.execute(DefaultBuildOperationRunner.java:59)
	at org.gradle.internal.operations.DefaultBuildOperationRunner.execute(DefaultBuildOperationRunner.java:166)
	at org.gradle.internal.operations.DefaultBuildOperationRunner.execute(DefaultBuildOperationRunner.java:59)
	at org.gradle.internal.operations.DefaultBuildOperationRunner.call(DefaultBuildOperationRunner.java:53)
	at org.gradle.api.internal.tasks.execution.EventFiringTaskExecuter.execute(EventFiringTaskExecuter.java:52)
	at org.gradle.execution.plan.LocalTaskNodeExecutor.execute(LocalTaskNodeExecutor.java:42)
	at org.gradle.execution.taskgraph.DefaultTaskExecutionGraph$InvokeNodeExecutorsAction.execute(DefaultTaskExecutionGraph.java:331)
	at org.gradle.execution.taskgraph.DefaultTaskExecutionGraph$InvokeNodeExecutorsAction.execute(DefaultTaskExecutionGraph.java:318)
	at org.gradle.execution.taskgraph.DefaultTaskExecutionGraph$BuildOperationAwareExecutionAction.lambda$execute$0(DefaultTaskExecutionGraph.java:314)
	at org.gradle.internal.operations.CurrentBuildOperationRef.with(CurrentBuildOperationRef.java:85)
	at org.gradle.execution.taskgraph.DefaultTaskExecutionGraph$BuildOperationAwareExecutionAction.execute(DefaultTaskExecutionGraph.java:314)
	at org.gradle.execution.taskgraph.DefaultTaskExecutionGraph$BuildOperationAwareExecutionAction.execute(DefaultTaskExecutionGraph.java:303)
	at org.gradle.execution.plan.DefaultPlanExecutor$ExecutorWorker.execute(DefaultPlanExecutor.java:459)
	at org.gradle.execution.plan.DefaultPlanExecutor$ExecutorWorker.run(DefaultPlanExecutor.java:376)
	at org.gradle.internal.concurrent.ExecutorPolicy$CatchAndRecordFailures.onExecute(ExecutorPolicy.java:64)
	at org.gradle.internal.concurrent.AbstractManagedExecutor$1.run(AbstractManagedExecutor.java:48)
Caused by: org.jetbrains.kotlin.gradle.tasks.CompilationErrorException: Compilation error. See log for more details
	at org.jetbrains.kotlin.gradle.tasks.TasksUtilsKt.throwExceptionIfCompilationFailed(tasksUtils.kt:21)
	at org.jetbrains.kotlin.compilerRunner.GradleKotlinCompilerWork.run(GradleKotlinCompilerWork.kt:119)
	at org.jetbrains.kotlin.compilerRunner.GradleCompilerRunnerWithWorkers$GradleKotlinCompilerWorkAction.execute(GradleCompilerRunnerWithWorkers.kt:76)
	at org.gradle.workers.internal.DefaultWorkerServer.execute(DefaultWorkerServer.java:63)
	at org.gradle.workers.internal.NoIsolationWorkerFactory$1$1.create(NoIsolationWorkerFactory.java:66)
	at org.gradle.workers.internal.NoIsolationWorkerFactory$1$1.create(NoIsolationWorkerFactory.java:62)
	at org.gradle.internal.classloader.ClassLoaderUtils.executeInClassloader(ClassLoaderUtils.java:100)
	at org.gradle.workers.internal.NoIsolationWorkerFactory$1.lambda$execute$0(NoIsolationWorkerFactory.java:62)
	at org.gradle.workers.internal.AbstractWorker$1.call(AbstractWorker.java:44)
	at org.gradle.workers.internal.AbstractWorker$1.call(AbstractWorker.java:41)
	at org.gradle.internal.operations.DefaultBuildOperationRunner$CallableBuildOperationWorker.execute(DefaultBuildOperationRunner.java:209)
	at org.gradle.internal.operations.DefaultBuildOperationRunner$CallableBuildOperationWorker.execute(DefaultBuildOperationRunner.java:204)
	at org.gradle.internal.operations.DefaultBuildOperationRunner$2.execute(DefaultBuildOperationRunner.java:66)
	at org.gradle.internal.operations.DefaultBuildOperationRunner$2.execute(DefaultBuildOperationRunner.java:59)
	at org.gradle.internal.operations.DefaultBuildOperationRunner.execute(DefaultBuildOperationRunner.java:166)
	at org.gradle.internal.operations.DefaultBuildOperationRunner.execute(DefaultBuildOperationRunner.java:59)
	at org.gradle.internal.operations.DefaultBuildOperationRunner.call(DefaultBuildOperationRunner.java:53)
	at org.gradle.workers.internal.AbstractWorker.executeWrappedInBuildOperation(AbstractWorker.java:41)
	at org.gradle.workers.internal.NoIsolationWorkerFactory$1.execute(NoIsolationWorkerFactory.java:59)
	at org.gradle.workers.internal.DefaultWorkerExecutor.lambda$submitWork$0(DefaultWorkerExecutor.java:174)
	at org.gradle.internal.work.DefaultConditionalExecutionQueue$ExecutionRunner.runExecution(DefaultConditionalExecutionQueue.java:194)
	at org.gradle.internal.work.DefaultConditionalExecutionQueue$ExecutionRunner.access$700(DefaultConditionalExecutionQueue.java:127)
	at org.gradle.internal.work.DefaultConditionalExecutionQueue$ExecutionRunner$1.run(DefaultConditionalExecutionQueue.java:169)
	at org.gradle.internal.Factories$1.create(Factories.java:31)
	at org.gradle.internal.work.DefaultWorkerLeaseService.withLocks(DefaultWorkerLeaseService.java:263)
	at org.gradle.internal.work.DefaultWorkerLeaseService.runAsWorkerThread(DefaultWorkerLeaseService.java:127)
	at org.gradle.internal.work.DefaultWorkerLeaseService.runAsWorkerThread(DefaultWorkerLeaseService.java:132)
	at org.gradle.internal.work.DefaultConditionalExecutionQueue$ExecutionRunner.runBatch(DefaultConditionalExecutionQueue.java:164)
	at org.gradle.internal.work.DefaultConditionalExecutionQueue$ExecutionRunner.run(DefaultConditionalExecutionQueue.java:133)
	... 2 more


BUILD FAILED in 42s
40 actionable tasks: 23 executed, 16 from cache, 1 up-to-date
